\BOOKMARK [0][-]{section*.2}{摘 要}{}% 1
\BOOKMARK [0][-]{section*.4}{Abstract}{}% 2
\BOOKMARK [0][-]{section*.5}{目 录}{}% 3
\BOOKMARK [0][-]{section*.7}{图形列表}{}% 4
\BOOKMARK [0][-]{section*.9}{表格列表}{}% 5
\BOOKMARK [0][-]{section*.12}{符号列表}{}% 6
\BOOKMARK [0][-]{chapter.1}{第1章  LaTeX使用说明}{}% 7
\BOOKMARK [1][-]{section.1.1}{1.1 先试试效果}{chapter.1}% 8
\BOOKMARK [1][-]{section.1.2}{1.2 文档目录简介}{chapter.1}% 9
\BOOKMARK [2][-]{subsection.1.2.1}{1.2.1\040Thesis.tex}{section.1.2}% 10
\BOOKMARK [2][-]{subsection.1.2.2}{1.2.2 编译脚本}{section.1.2}% 11
\BOOKMARK [2][-]{subsection.1.2.3}{1.2.3 Tmp文件夹}{section.1.2}% 12
\BOOKMARK [2][-]{subsection.1.2.4}{1.2.4 Style文件夹}{section.1.2}% 13
\BOOKMARK [2][-]{subsection.1.2.5}{1.2.5 Tex文件夹}{section.1.2}% 14
\BOOKMARK [2][-]{subsection.1.2.6}{1.2.6 Img文件夹}{section.1.2}% 15
\BOOKMARK [2][-]{subsection.1.2.7}{1.2.7 Biblio文件夹}{section.1.2}% 16
\BOOKMARK [1][-]{section.1.3}{1.3 数学公式、图表、参考文献等功能}{chapter.1}% 17
\BOOKMARK [2][-]{subsection.1.3.1}{1.3.1 数学公式}{section.1.3}% 18
\BOOKMARK [2][-]{subsection.1.3.2}{1.3.2 数学环境}{section.1.3}% 19
\BOOKMARK [2][-]{subsection.1.3.3}{1.3.3 表格}{section.1.3}% 20
\BOOKMARK [2][-]{subsection.1.3.4}{1.3.4 图片插入}{section.1.3}% 21
\BOOKMARK [2][-]{subsection.1.3.5}{1.3.5 算法}{section.1.3}% 22
\BOOKMARK [2][-]{subsection.1.3.6}{1.3.6 参考文献引用}{section.1.3}% 23
\BOOKMARK [1][-]{section.1.4}{1.4 常见使用问题}{chapter.1}% 24
\BOOKMARK [0][-]{chapter.2}{第2章  引言}{}% 25
\BOOKMARK [1][-]{section.2.1}{2.1 研究背景}{chapter.2}% 26
\BOOKMARK [1][-]{section.2.2}{2.2 系统要求}{chapter.2}% 27
\BOOKMARK [1][-]{section.2.3}{2.3 问题反馈}{chapter.2}% 28
\BOOKMARK [0][-]{appendix.A}{附录 A  中国科学院大学学位论文撰写要求}{}% 29
\BOOKMARK [1][-]{section.A.1}{A.1 论文无附录者无需附录部分}{appendix.A}% 30
\BOOKMARK [1][-]{section.A.2}{A.2 测试公式编号 Λ,λ,θ,,SNN}{appendix.A}% 31
\BOOKMARK [1][-]{section.A.3}{A.3 测试生僻字}{appendix.A}% 32
\BOOKMARK [0][-]{section*.20}{参考文献}{}% 33
\BOOKMARK [0][-]{appendix*.21}{作者简历及攻读学位期间发表的学术论文与研究成果}{}% 34
\BOOKMARK [0][-]{appendix*.28}{致谢}{}% 35
